=== RUN   Test2
17:24:42.564881 [0] listening at [::]:60951
17:24:42.569798 [1] listening at [::]:60953
17:24:42.573811 [2] listening at [::]:60954
17:24:42.576813 [3] listening at [::]:60955
17:24:42.579334 [4] listening at [::]:60956
17:24:42.630506 AT NODE 0: Election timer started: 5.001s, with term=0
17:24:42.631520 AT NODE 4: Election timer started: 3.154s, with term=0
17:24:42.631520 AT NODE 2: Election timer started: 4.982s, with term=0
17:24:42.631520 AT NODE 1: Election timer started: 3.773s, with term=0
17:24:42.631520 AT NODE 3: Election timer started: 3.55s, with term=0
17:24:45.834489 AT NODE 4: became Candidate with term=1;
17:24:45.834996 AT NODE 4: Election timer started: 4.371s, with term=1
17:24:45.835525 AT NODE 4: sending RequestVote to 0: {Term:1 CandidateId:4 LastLogIndex:-1 LastLogTerm:-1 Latency:44}
17:24:45.835525 AT NODE 4: sending RequestVote to 2: {Term:1 CandidateId:4 LastLogIndex:-1 LastLogTerm:-1 Latency:493}
17:24:45.835525 AT NODE 4: sending RequestVote to 3: {Term:1 CandidateId:4 LastLogIndex:-1 LastLogTerm:-1 Latency:120}
17:24:45.835525 AT NODE 4: sending RequestVote to 1: {Term:1 CandidateId:4 LastLogIndex:-1 LastLogTerm:-1 Latency:338}
17:24:45.910768 AT NODE 0: Received Vote Request from NODE 4; Args: {Term:1 CandidateId:4 LastLogIndex:-1 LastLogTerm:-1 Latency:44} [currentTerm=0, votedFor=-1, log index/term=(-1, -1)]
17:24:45.910768 AT NODE 0: became Follower with term=1; log=[]
17:24:45.910768 AT NODE 0: Sending Request Vote Reply: &{Term:1 VoteGranted:true}
17:24:45.910768 AT NODE 0: Election timer started: 5.904s, with term=1
17:24:45.911826 AT NODE 4: received RequestVoteReply from 0: {Term:1 VoteGranted:true}
17:24:45.911826 AT NODE 4: received a positive vote from 0 (total: 2)
17:24:45.911826 AT NODE 4: got majority votes: 2; became Leader
17:24:45.912369 AT NODE 4: became Leader; term=1, nextIndex=map[0:0 1:0 2:0 3:0], matchIndex=map[0:-1 1:-1 2:-1 3:-1]; log=[]
17:24:46.024347 AT NODE 1: became Follower with term=1; log=[]
17:24:46.025641 AT NODE 1: Election timer started: 5.386s, with term=1
17:24:46.025641 AT NODE 3: Received Vote Request from NODE 4; Args: {Term:1 CandidateId:4 LastLogIndex:-1 LastLogTerm:-1 Latency:120} [currentTerm=0, votedFor=-1, log index/term=(-1, -1)]
17:24:46.025641 AT NODE 3: became Follower with term=1; log=[]
17:24:46.025641 AT NODE 3: Sending Request Vote Reply: &{Term:1 VoteGranted:true}
17:24:46.025641 AT NODE 3: Election timer started: 4.831s, with term=1
17:24:46.026669 AT NODE 4: received RequestVoteReply from 3: {Term:1 VoteGranted:true}
17:24:46.027072 AT NODE 4: State changed from Candidate to Leader
17:24:46.192851 AT NODE 2: became Follower with term=1; log=[]
17:24:46.193446 AT NODE 2: Election timer started: 5.754s, with term=1
17:24:46.196181 AT NODE 1: Received Vote Request from NODE 4; Args: {Term:1 CandidateId:4 LastLogIndex:-1 LastLogTerm:-1 Latency:338} [currentTerm=1, votedFor=-1, log index/term=(-1, -1)]
17:24:46.196692 AT NODE 1: Sending Request Vote Reply: &{Term:1 VoteGranted:true}
17:24:46.197705 AT NODE 4: received RequestVoteReply from 1: {Term:1 VoteGranted:true}
17:24:46.197705 AT NODE 4: State changed from Candidate to Leader
17:24:46.364242 AT NODE 2: Received Vote Request from NODE 4; Args: {Term:1 CandidateId:4 LastLogIndex:-1 LastLogTerm:-1 Latency:493} [currentTerm=1, votedFor=-1, log index/term=(-1, -1)]
17:24:46.364242 AT NODE 2: Sending Request Vote Reply: &{Term:1 VoteGranted:true}
17:24:46.364750 AT NODE 4: received RequestVoteReply from 2: {Term:1 VoteGranted:true}
17:24:46.364750 AT NODE 4: State changed from Candidate to Leader
17:24:46.428506 AT NODE 4: ReceiveClientCommand received by Leader: Set X = 5
17:24:46.428506 AT NODE 4: Log=[{Set X = 5 1}]
17:24:46.428506 AT NODE 4: ReceiveClientCommand received by Leader: Set X = 1000
17:24:46.428506 AT NODE 4: Log=[{Set X = 5 1} {Set X = 1000 1}]
17:24:46.927715 AT NODE 4: sending AppendEntries to 0: currentPeer_nextIndex=0, args={Term:1 LeaderId:4 PrevLogIndex:-1 PrevLogTerm:-1 Entries:[{Command:Set X = 5 Term:1} {Command:Set X = 1000 Term:1}] LeaderCommit:-1 Latency:339}
17:24:46.927715 AT NODE 4: sending AppendEntries to 1: currentPeer_nextIndex=0, args={Term:1 LeaderId:4 PrevLogIndex:-1 PrevLogTerm:-1 Entries:[{Command:Set X = 5 Term:1} {Command:Set X = 1000 Term:1}] LeaderCommit:-1 Latency:254}
17:24:46.927715 AT NODE 4: sending AppendEntries to 3: currentPeer_nextIndex=0, args={Term:1 LeaderId:4 PrevLogIndex:-1 PrevLogTerm:-1 Entries:[{Command:Set X = 5 Term:1} {Command:Set X = 1000 Term:1}] LeaderCommit:-1 Latency:264}
17:24:46.927715 AT NODE 4: sending AppendEntries to 2: currentPeer_nextIndex=0, args={Term:1 LeaderId:4 PrevLogIndex:-1 PrevLogTerm:-1 Entries:[{Command:Set X = 5 Term:1} {Command:Set X = 1000 Term:1}] LeaderCommit:-1 Latency:356}
17:24:47.209092 AT NODE 1: Received AppendEntries from NODE 4; args: {Term:1 LeaderId:4 PrevLogIndex:-1 PrevLogTerm:-1 Entries:[{Command:Set X = 5 Term:1} {Command:Set X = 1000 Term:1}] LeaderCommit:-1 Latency:254}
17:24:47.209092 AT NODE 1: Log is now: [{Set X = 5 1} {Set X = 1000 1}]
17:24:47.209092 AT NODE 1: Sending AppendEntries reply: {Term:1 Success:true}
17:24:47.209833 AT NODE 4: AppendEntries reply from NODE 1 success: nextIndex := map[0:0 1:2 2:0 3:0], matchIndex := map[0:-1 1:1 2:-1 3:-1]
17:24:47.222891 AT NODE 3: Received AppendEntries from NODE 4; args: {Term:1 LeaderId:4 PrevLogIndex:-1 PrevLogTerm:-1 Entries:[{Command:Set X = 5 Term:1} {Command:Set X = 1000 Term:1}] LeaderCommit:-1 Latency:264}
17:24:47.222891 AT NODE 3: Log is now: [{Set X = 5 1} {Set X = 1000 1}]
17:24:47.222891 AT NODE 3: Sending AppendEntries reply: {Term:1 Success:true}
17:24:47.224753 AT NODE 4: AppendEntries reply from NODE 3 success: nextIndex := map[0:0 1:2 2:0 3:2], matchIndex := map[0:-1 1:1 2:-1 3:1]
17:24:47.224753 AT NODE 4: leader sets commitIndex := 1
17:24:47.301509 AT NODE 0: Received AppendEntries from NODE 4; args: {Term:1 LeaderId:4 PrevLogIndex:-1 PrevLogTerm:-1 Entries:[{Command:Set X = 5 Term:1} {Command:Set X = 1000 Term:1}] LeaderCommit:-1 Latency:339}
17:24:47.301509 AT NODE 0: Log is now: [{Set X = 5 1} {Set X = 1000 1}]
17:24:47.301509 AT NODE 0: Sending AppendEntries reply: {Term:1 Success:true}
17:24:47.302110 AT NODE 4: AppendEntries reply from NODE 0 success: nextIndex := map[0:2 1:2 2:0 3:2], matchIndex := map[0:1 1:1 2:-1 3:1]
17:24:47.316810 AT NODE 2: Received AppendEntries from NODE 4; args: {Term:1 LeaderId:4 PrevLogIndex:-1 PrevLogTerm:-1 Entries:[{Command:Set X = 5 Term:1} {Command:Set X = 1000 Term:1}] LeaderCommit:-1 Latency:356}
17:24:47.316810 AT NODE 2: Log is now: [{Set X = 5 1} {Set X = 1000 1}]
17:24:47.316810 AT NODE 2: Sending AppendEntries reply: {Term:1 Success:true}
17:24:47.316810 AT NODE 4: AppendEntries reply from NODE 2 success: nextIndex := map[0:2 1:2 2:2 3:2], matchIndex := map[0:1 1:1 2:1 3:1]
17:24:49.434080 [ACTION] Disconnecting 4
17:24:54.241770 AT NODE 3: became Candidate with term=2;
17:24:54.242588 AT NODE 3: Election timer started: 3.368s, with term=2
17:24:54.242588 AT NODE 3: sending RequestVote to 1: {Term:2 CandidateId:3 LastLogIndex:1 LastLogTerm:1 Latency:354}
17:24:54.242588 AT NODE 3: sending RequestVote to 4: {Term:2 CandidateId:3 LastLogIndex:1 LastLogTerm:1 Latency:483}
17:24:54.242588 AT NODE 3: sending RequestVote to 0: {Term:2 CandidateId:3 LastLogIndex:1 LastLogTerm:1 Latency:389}
17:24:54.242588 AT NODE 3: sending RequestVote to 2: {Term:2 CandidateId:3 LastLogIndex:1 LastLogTerm:1 Latency:142}
17:24:54.412753 AT NODE 2: Received Vote Request from NODE 3; Args: {Term:2 CandidateId:3 LastLogIndex:1 LastLogTerm:1 Latency:142} [currentTerm=1, votedFor=4, log index/term=(1, 1)]
17:24:54.412753 AT NODE 2: became Follower with term=2; log=[{Set X = 5 1} {Set X = 1000 1}]
17:24:54.413662 AT NODE 2: Sending Request Vote Reply: &{Term:2 VoteGranted:true}
17:24:54.413662 AT NODE 2: Election timer started: 4.91s, with term=2
17:24:54.413662 AT NODE 3: received RequestVoteReply from 2: {Term:2 VoteGranted:true}
17:24:54.413662 AT NODE 3: received a positive vote from 2 (total: 2)
17:24:54.414660 AT NODE 3: got majority votes: 2; became Leader
17:24:54.414660 AT NODE 3: became Leader; term=2, nextIndex=map[0:2 1:2 2:2 4:2], matchIndex=map[0:-1 1:-1 2:-1 4:-1]; log=[{Set X = 5 1} {Set X = 1000 1}]
17:24:54.632271 AT NODE 1: became Candidate with term=2;
17:24:54.632271 AT NODE 1: Election timer started: 4.424s, with term=2
17:24:54.632271 AT NODE 1: Received Vote Request from NODE 3; Args: {Term:2 CandidateId:3 LastLogIndex:1 LastLogTerm:1 Latency:354} [currentTerm=2, votedFor=1, log index/term=(1, 1)]
17:24:54.632271 AT NODE 1: Sending Request Vote Reply: &{Term:2 VoteGranted:false}
17:24:54.632271 AT NODE 1: sending RequestVote to 4: {Term:2 CandidateId:1 LastLogIndex:1 LastLogTerm:1 Latency:165}
17:24:54.632271 AT NODE 1: sending RequestVote to 3: {Term:2 CandidateId:1 LastLogIndex:1 LastLogTerm:1 Latency:23}
17:24:54.632271 AT NODE 1: sending RequestVote to 2: {Term:2 CandidateId:1 LastLogIndex:1 LastLogTerm:1 Latency:362}
17:24:54.632271 AT NODE 1: sending RequestVote to 0: {Term:2 CandidateId:1 LastLogIndex:1 LastLogTerm:1 Latency:343}
17:24:54.633299 AT NODE 3: received RequestVoteReply from 1: {Term:2 VoteGranted:false}
17:24:54.633299 AT NODE 3: State changed from Candidate to Leader
17:24:54.662439 AT NODE 0: Received Vote Request from NODE 3; Args: {Term:2 CandidateId:3 LastLogIndex:1 LastLogTerm:1 Latency:389} [currentTerm=1, votedFor=4, log index/term=(1, 1)]
17:24:54.662439 AT NODE 0: became Follower with term=2; log=[{Set X = 5 1} {Set X = 1000 1}]
17:24:54.662439 AT NODE 0: Sending Request Vote Reply: &{Term:2 VoteGranted:true}
17:24:54.662439 AT NODE 0: Election timer started: 3.608s, with term=2
17:24:54.663459 AT NODE 3: received RequestVoteReply from 0: {Term:2 VoteGranted:true}
17:24:54.663459 AT NODE 3: State changed from Candidate to Leader
17:24:54.679172 AT NODE 3: Received Vote Request from NODE 1; Args: {Term:2 CandidateId:1 LastLogIndex:1 LastLogTerm:1 Latency:23} [currentTerm=2, votedFor=3, log index/term=(1, 1)]
17:24:54.679172 AT NODE 3: Sending Request Vote Reply: &{Term:2 VoteGranted:false}
17:24:54.680110 AT NODE 1: received RequestVoteReply from 3: {Term:2 VoteGranted:false}
17:24:54.756951 AT NODE 3: ReceiveClientCommand received by Leader: Set X = X+10
17:24:54.756951 AT NODE 3: Log=[{Set X = 5 1} {Set X = 1000 1} {Set X = X+10 2}]
17:24:54.756951 AT NODE 3: ReceiveClientCommand received by Leader: Set X = X+1
17:24:54.756951 AT NODE 3: Log=[{Set X = 5 1} {Set X = 1000 1} {Set X = X+10 2} {Set X = X+1 2}]
17:24:54.756951 AT NODE 3: ReceiveClientCommand received by Leader: Set Y = 5
17:24:54.758468 AT NODE 3: Log=[{Set X = 5 1} {Set X = 1000 1} {Set X = X+10 2} {Set X = X+1 2} {Set Y = 5 2}]
17:24:54.758468 AT NODE 3: ReceiveClientCommand received by Leader: Set Y = X+Y
17:24:54.758468 AT NODE 3: Log=[{Set X = 5 1} {Set X = 1000 1} {Set X = X+10 2} {Set X = X+1 2} {Set Y = 5 2} {Set Y = X+Y 2}]
17:24:54.758468 AT NODE 3: ReceiveClientCommand received by Leader: Set Y = Y+3
17:24:54.758468 AT NODE 3: Log=[{Set X = 5 1} {Set X = 1000 1} {Set X = X+10 2} {Set X = X+1 2} {Set Y = 5 2} {Set Y = X+Y 2} {Set Y = Y+3 2}]
17:24:54.758468 AT NODE 3: ReceiveClientCommand received by Leader: Set Z = -1
17:24:54.758468 AT NODE 3: Log=[{Set X = 5 1} {Set X = 1000 1} {Set X = X+10 2} {Set X = X+1 2} {Set Y = 5 2} {Set Y = X+Y 2} {Set Y = Y+3 2} {Set Z = -1 2}]
17:24:54.819604 AT NODE 1: became Follower with term=2; log=[{Set X = 5 1} {Set X = 1000 1}]
17:24:54.820610 AT NODE 1: Election timer started: 5.473s, with term=2
17:24:55.005823 AT NODE 0: Received Vote Request from NODE 1; Args: {Term:2 CandidateId:1 LastLogIndex:1 LastLogTerm:1 Latency:343} [currentTerm=2, votedFor=3, log index/term=(1, 1)]
17:24:55.005823 AT NODE 0: Sending Request Vote Reply: &{Term:2 VoteGranted:false}
17:24:55.006785 AT NODE 1: received RequestVoteReply from 0: {Term:2 VoteGranted:false}
17:24:55.006785 AT NODE 1: State changed from Candidate to Follower
17:24:55.021549 AT NODE 2: Received Vote Request from NODE 1; Args: {Term:2 CandidateId:1 LastLogIndex:1 LastLogTerm:1 Latency:362} [currentTerm=2, votedFor=3, log index/term=(1, 1)]
17:24:55.021549 AT NODE 2: Sending Request Vote Reply: &{Term:2 VoteGranted:false}
17:24:55.022513 AT NODE 1: received RequestVoteReply from 2: {Term:2 VoteGranted:false}
17:24:55.022513 AT NODE 1: State changed from Candidate to Follower
17:24:55.425728 AT NODE 3: sending AppendEntries to 2: currentPeer_nextIndex=2, args={Term:2 LeaderId:3 PrevLogIndex:1 PrevLogTerm:1 Entries:[{Command:Set X = X+10 Term:2} {Command:Set X = X+1 Term:2} {Command:Set Y = 5 Term:2} {Command:Set Y = X+Y Term:2} {Command:Set Y = Y+3 Term:2} {Command:Set Z = -1 Term:2}] LeaderCommit:1 Latency:334}
17:24:55.425728 AT NODE 3: sending AppendEntries to 4: currentPeer_nextIndex=2, args={Term:2 LeaderId:3 PrevLogIndex:1 PrevLogTerm:1 Entries:[{Command:Set X = X+10 Term:2} {Command:Set X = X+1 Term:2} {Command:Set Y = 5 Term:2} {Command:Set Y = X+Y Term:2} {Command:Set Y = Y+3 Term:2} {Command:Set Z = -1 Term:2}] LeaderCommit:1 Latency:115}
17:24:55.425728 AT NODE 3: sending AppendEntries to 1: currentPeer_nextIndex=2, args={Term:2 LeaderId:3 PrevLogIndex:1 PrevLogTerm:1 Entries:[{Command:Set X = X+10 Term:2} {Command:Set X = X+1 Term:2} {Command:Set Y = 5 Term:2} {Command:Set Y = X+Y Term:2} {Command:Set Y = Y+3 Term:2} {Command:Set Z = -1 Term:2}] LeaderCommit:1 Latency:293}
17:24:55.425728 AT NODE 3: sending AppendEntries to 0: currentPeer_nextIndex=2, args={Term:2 LeaderId:3 PrevLogIndex:1 PrevLogTerm:1 Entries:[{Command:Set X = X+10 Term:2} {Command:Set X = X+1 Term:2} {Command:Set Y = 5 Term:2} {Command:Set Y = X+Y Term:2} {Command:Set Y = Y+3 Term:2} {Command:Set Z = -1 Term:2}] LeaderCommit:1 Latency:191}
17:24:55.644844 AT NODE 0: Received AppendEntries from NODE 3; args: {Term:2 LeaderId:3 PrevLogIndex:1 PrevLogTerm:1 Entries:[{Command:Set X = X+10 Term:2} {Command:Set X = X+1 Term:2} {Command:Set Y = 5 Term:2} {Command:Set Y = X+Y Term:2} {Command:Set Y = Y+3 Term:2} {Command:Set Z = -1 Term:2}] LeaderCommit:1 Latency:191}
17:24:55.644844 AT NODE 0: Log is now: [{Set X = 5 1} {Set X = 1000 1} {Set X = X+10 2} {Set X = X+1 2} {Set Y = 5 2} {Set Y = X+Y 2} {Set Y = Y+3 2} {Set Z = -1 2}]
17:24:55.644844 AT NODE 0: Sending AppendEntries reply: {Term:2 Success:true}
17:24:55.645666 AT NODE 3: AppendEntries reply from NODE 0 success: nextIndex := map[0:8 1:2 2:2 4:2], matchIndex := map[0:7 1:1 2:1 4:-1]
17:24:55.754128 AT NODE 1: Received AppendEntries from NODE 3; args: {Term:2 LeaderId:3 PrevLogIndex:1 PrevLogTerm:1 Entries:[{Command:Set X = X+10 Term:2} {Command:Set X = X+1 Term:2} {Command:Set Y = 5 Term:2} {Command:Set Y = X+Y Term:2} {Command:Set Y = Y+3 Term:2} {Command:Set Z = -1 Term:2}] LeaderCommit:1 Latency:293}
17:24:55.755161 AT NODE 1: Log is now: [{Set X = 5 1} {Set X = 1000 1} {Set X = X+10 2} {Set X = X+1 2} {Set Y = 5 2} {Set Y = X+Y 2} {Set Y = Y+3 2} {Set Z = -1 2}]
17:24:55.755161 AT NODE 1: Sending AppendEntries reply: {Term:2 Success:true}
17:24:55.756158 AT NODE 3: AppendEntries reply from NODE 1 success: nextIndex := map[0:8 1:8 2:2 4:2], matchIndex := map[0:7 1:7 2:1 4:-1]
17:24:55.756158 AT NODE 3: leader sets commitIndex := 7
17:24:55.785419 AT NODE 2: Received AppendEntries from NODE 3; args: {Term:2 LeaderId:3 PrevLogIndex:1 PrevLogTerm:1 Entries:[{Command:Set X = X+10 Term:2} {Command:Set X = X+1 Term:2} {Command:Set Y = 5 Term:2} {Command:Set Y = X+Y Term:2} {Command:Set Y = Y+3 Term:2} {Command:Set Z = -1 Term:2}] LeaderCommit:1 Latency:334}
17:24:55.785419 AT NODE 2: Log is now: [{Set X = 5 1} {Set X = 1000 1} {Set X = X+10 2} {Set X = X+1 2} {Set Y = 5 2} {Set Y = X+Y 2} {Set Y = Y+3 2} {Set Z = -1 2}]
17:24:55.785419 AT NODE 2: Sending AppendEntries reply: {Term:2 Success:true}
17:24:55.786433 AT NODE 3: AppendEntries reply from NODE 2 success: nextIndex := map[0:8 1:8 2:8 4:2], matchIndex := map[0:7 1:7 2:7 4:-1]
17:24:56.424103 AT NODE 3: sending AppendEntries to 4: currentPeer_nextIndex=2, args={Term:2 LeaderId:3 PrevLogIndex:1 PrevLogTerm:1 Entries:[{Command:Set X = X+10 Term:2} {Command:Set X = X+1 Term:2} {Command:Set Y = 5 Term:2} {Command:Set Y = X+Y Term:2} {Command:Set Y = Y+3 Term:2} {Command:Set Z = -1 Term:2}] LeaderCommit:7 Latency:424}
17:24:57.425502 AT NODE 3: sending AppendEntries to 4: currentPeer_nextIndex=2, args={Term:2 LeaderId:3 PrevLogIndex:1 PrevLogTerm:1 Entries:[{Command:Set X = X+10 Term:2} {Command:Set X = X+1 Term:2} {Command:Set Y = 5 Term:2} {Command:Set Y = X+Y Term:2} {Command:Set Y = Y+3 Term:2} {Command:Set Z = -1 Term:2}] LeaderCommit:7 Latency:337}
17:24:57.766505 AT NODE 3: ReceiveClientCommand received by Leader: Set Z = 3
17:24:57.766505 AT NODE 3: Log=[{Set X = 5 1} {Set X = 1000 1} {Set X = X+10 2} {Set X = X+1 2} {Set Y = 5 2} {Set Y = X+Y 2} {Set Y = Y+3 2} {Set Z = -1 2} {Set Z = 3 2}]
17:24:58.422045 AT NODE 3: sending AppendEntries to 0: currentPeer_nextIndex=8, args={Term:2 LeaderId:3 PrevLogIndex:7 PrevLogTerm:2 Entries:[{Command:Set Z = 3 Term:2}] LeaderCommit:7 Latency:203}
17:24:58.422045 AT NODE 3: sending AppendEntries to 4: currentPeer_nextIndex=2, args={Term:2 LeaderId:3 PrevLogIndex:1 PrevLogTerm:1 Entries:[{Command:Set X = X+10 Term:2} {Command:Set X = X+1 Term:2} {Command:Set Y = 5 Term:2} {Command:Set Y = X+Y Term:2} {Command:Set Y = Y+3 Term:2} {Command:Set Z = -1 Term:2} {Command:Set Z = 3 Term:2}] LeaderCommit:7 Latency:325}
17:24:58.422045 AT NODE 3: sending AppendEntries to 1: currentPeer_nextIndex=8, args={Term:2 LeaderId:3 PrevLogIndex:7 PrevLogTerm:2 Entries:[{Command:Set Z = 3 Term:2}] LeaderCommit:7 Latency:131}
17:24:58.422045 AT NODE 3: sending AppendEntries to 2: currentPeer_nextIndex=8, args={Term:2 LeaderId:3 PrevLogIndex:7 PrevLogTerm:2 Entries:[{Command:Set Z = 3 Term:2}] LeaderCommit:7 Latency:17}
17:24:58.468842 AT NODE 2: Received AppendEntries from NODE 3; args: {Term:2 LeaderId:3 PrevLogIndex:7 PrevLogTerm:2 Entries:[{Command:Set Z = 3 Term:2}] LeaderCommit:7 Latency:17}
17:24:58.469594 AT NODE 2: Log is now: [{Set X = 5 1} {Set X = 1000 1} {Set X = X+10 2} {Set X = X+1 2} {Set Y = 5 2} {Set Y = X+Y 2} {Set Y = Y+3 2} {Set Z = -1 2} {Set Z = 3 2}]
17:24:58.469594 AT NODE 2: Sending AppendEntries reply: {Term:2 Success:true}
17:24:58.469594 AT NODE 3: AppendEntries reply from NODE 2 success: nextIndex := map[0:8 1:8 2:9 4:2], matchIndex := map[0:7 1:7 2:8 4:-1]
17:24:58.578378 AT NODE 1: Received AppendEntries from NODE 3; args: {Term:2 LeaderId:3 PrevLogIndex:7 PrevLogTerm:2 Entries:[{Command:Set Z = 3 Term:2}] LeaderCommit:7 Latency:131}
17:24:58.578378 AT NODE 1: Log is now: [{Set X = 5 1} {Set X = 1000 1} {Set X = X+10 2} {Set X = X+1 2} {Set Y = 5 2} {Set Y = X+Y 2} {Set Y = Y+3 2} {Set Z = -1 2} {Set Z = 3 2}]
17:24:58.578887 AT NODE 1: Sending AppendEntries reply: {Term:2 Success:true}
17:24:58.578887 AT NODE 3: AppendEntries reply from NODE 1 success: nextIndex := map[0:8 1:9 2:9 4:2], matchIndex := map[0:7 1:8 2:8 4:-1]
17:24:58.578887 AT NODE 3: leader sets commitIndex := 8
17:24:58.656537 AT NODE 0: Received AppendEntries from NODE 3; args: {Term:2 LeaderId:3 PrevLogIndex:7 PrevLogTerm:2 Entries:[{Command:Set Z = 3 Term:2}] LeaderCommit:7 Latency:203}
17:24:58.656537 AT NODE 0: Log is now: [{Set X = 5 1} {Set X = 1000 1} {Set X = X+10 2} {Set X = X+1 2} {Set Y = 5 2} {Set Y = X+Y 2} {Set Y = Y+3 2} {Set Z = -1 2} {Set Z = 3 2}]
17:24:58.656537 AT NODE 0: Sending AppendEntries reply: {Term:2 Success:true}
17:24:58.657123 AT NODE 3: AppendEntries reply from NODE 0 success: nextIndex := map[0:9 1:9 2:9 4:2], matchIndex := map[0:8 1:8 2:8 4:-1]
17:24:59.421178 AT NODE 3: sending AppendEntries to 4: currentPeer_nextIndex=2, args={Term:2 LeaderId:3 PrevLogIndex:1 PrevLogTerm:1 Entries:[{Command:Set X = X+10 Term:2} {Command:Set X = X+1 Term:2} {Command:Set Y = 5 Term:2} {Command:Set Y = X+Y Term:2} {Command:Set Y = Y+3 Term:2} {Command:Set Z = -1 Term:2} {Command:Set Z = 3 Term:2}] LeaderCommit:8 Latency:482}
17:25:00.417783 AT NODE 3: sending AppendEntries to 4: currentPeer_nextIndex=2, args={Term:2 LeaderId:3 PrevLogIndex:1 PrevLogTerm:1 Entries:[{Command:Set X = X+10 Term:2} {Command:Set X = X+1 Term:2} {Command:Set Y = 5 Term:2} {Command:Set Y = X+Y Term:2} {Command:Set Y = Y+3 Term:2} {Command:Set Z = -1 Term:2} {Command:Set Z = 3 Term:2}] LeaderCommit:8 Latency:476}
17:25:00.774884 [ACTION] Reconnecting 4
17:25:00.915018 AT NODE 4: sending AppendEntries to 0: currentPeer_nextIndex=2, args={Term:1 LeaderId:4 PrevLogIndex:1 PrevLogTerm:1 Entries:[{Command:Set X = X-5 Term:1}] LeaderCommit:1 Latency:245}
17:25:00.915838 AT NODE 4: sending AppendEntries to 1: currentPeer_nextIndex=2, args={Term:1 LeaderId:4 PrevLogIndex:1 PrevLogTerm:1 Entries:[{Command:Set X = X-5 Term:1}] LeaderCommit:1 Latency:50}
17:25:00.915838 AT NODE 4: sending AppendEntries to 2: currentPeer_nextIndex=2, args={Term:1 LeaderId:4 PrevLogIndex:1 PrevLogTerm:1 Entries:[{Command:Set X = X-5 Term:1}] LeaderCommit:1 Latency:46}
17:25:00.915838 AT NODE 4: sending AppendEntries to 3: currentPeer_nextIndex=2, args={Term:1 LeaderId:4 PrevLogIndex:1 PrevLogTerm:1 Entries:[{Command:Set X = X-5 Term:1}] LeaderCommit:1 Latency:481}
17:25:00.992784 AT NODE 2: Received AppendEntries from NODE 4; args: {Term:1 LeaderId:4 PrevLogIndex:1 PrevLogTerm:1 Entries:[{Command:Set X = X-5 Term:1}] LeaderCommit:1 Latency:46}
17:25:00.992784 AT NODE 2: Sending AppendEntries reply: {Term:2 Success:false}
17:25:00.992784 AT NODE 1: Received AppendEntries from NODE 4; args: {Term:1 LeaderId:4 PrevLogIndex:1 PrevLogTerm:1 Entries:[{Command:Set X = X-5 Term:1}] LeaderCommit:1 Latency:50}
17:25:00.992784 AT NODE 1: Sending AppendEntries reply: {Term:2 Success:false}
17:25:00.993792 AT NODE 4: became Follower with term=2; log=[{Set X = 5 1} {Set X = 1000 1} {Set X = X-5 1}]
17:25:00.993792 AT NODE 4: Election timer started: 5.152s, with term=2
17:25:01.196562 AT NODE 0: Received AppendEntries from NODE 4; args: {Term:1 LeaderId:4 PrevLogIndex:1 PrevLogTerm:1 Entries:[{Command:Set X = X-5 Term:1}] LeaderCommit:1 Latency:245}
17:25:01.196562 AT NODE 0: Sending AppendEntries reply: {Term:2 Success:false}
17:25:01.428582 AT NODE 3: Received AppendEntries from NODE 4; args: {Term:1 LeaderId:4 PrevLogIndex:1 PrevLogTerm:1 Entries:[{Command:Set X = X-5 Term:1}] LeaderCommit:1 Latency:481}
17:25:01.428582 AT NODE 3: Sending AppendEntries reply: {Term:2 Success:false}
17:25:01.429520 AT NODE 3: sending AppendEntries to 4: currentPeer_nextIndex=2, args={Term:2 LeaderId:3 PrevLogIndex:1 PrevLogTerm:1 Entries:[{Command:Set X = X+10 Term:2} {Command:Set X = X+1 Term:2} {Command:Set Y = 5 Term:2} {Command:Set Y = X+Y Term:2} {Command:Set Y = Y+3 Term:2} {Command:Set Z = -1 Term:2} {Command:Set Z = 3 Term:2}] LeaderCommit:8 Latency:496}
17:25:01.960850 AT NODE 4: Received AppendEntries from NODE 3; args: {Term:2 LeaderId:3 PrevLogIndex:1 PrevLogTerm:1 Entries:[{Command:Set X = X+10 Term:2} {Command:Set X = X+1 Term:2} {Command:Set Y = 5 Term:2} {Command:Set Y = X+Y Term:2} {Command:Set Y = Y+3 Term:2} {Command:Set Z = -1 Term:2} {Command:Set Z = 3 Term:2}] LeaderCommit:8 Latency:496}
17:25:01.960850 AT NODE 4: Log is now: [{Set X = 5 1} {Set X = 1000 1} {Set X = X+10 2} {Set X = X+1 2} {Set Y = 5 2} {Set Y = X+Y 2} {Set Y = Y+3 2} {Set Z = -1 2} {Set Z = 3 2}]
17:25:01.960850 AT NODE 4: Sending AppendEntries reply: {Term:2 Success:true}
17:25:01.963370 AT NODE 3: AppendEntries reply from NODE 4 success: nextIndex := map[0:9 1:9 2:9 4:9], matchIndex := map[0:8 1:8 2:8 4:8]
17:25:15.811611 AT NODE 0: KILLED
17:25:15.811611 AT NODE 0: applyCommitedLogEntries done
17:25:15.890003 AT NODE 1: KILLED
17:25:15.890003 AT NODE 1: applyCommitedLogEntries done
17:25:15.891113 AT NODE 2: KILLED
17:25:15.891193 AT NODE 2: applyCommitedLogEntries done
17:25:15.921950 AT NODE 3: KILLED
17:25:15.921950 AT NODE 3: applyCommitedLogEntries done
17:25:15.922977 AT NODE 4: KILLED
17:25:15.922977 AT NODE 4: applyCommitedLogEntries done
--- PASS: Test2 (33.36s)
PASS
ok  	RaftLogReplication	34.474s
